2024-03-14T19:00:33.564Z: TypeError: Cannot read properties of null (reading 'ephemeral')
    at ChatInputCommandInteraction.reply (C:\Users\gpenn\Documents\Code\JavaScript\Discord Bots\Celeste Skill Progress\node_modules\discord.js\src\structures\interfaces\InteractionResponses.js:103:30)
    at Object.run (C:\Users\gpenn\Documents\Code\JavaScript\Discord Bots\Celeste Skill Progress\src\commands\error.js:11:15)
    at Client.<anonymous> (C:\Users\gpenn\Documents\Code\JavaScript\Discord Bots\Celeste Skill Progress\node_modules\commandkit\dist\index.js:643:67)
    at Client.emit (node:events:529:35)
    at InteractionCreateAction.handle (C:\Users\gpenn\Documents\Code\JavaScript\Discord Bots\Celeste Skill Progress\node_modules\discord.js\src\client\actions\InteractionCreate.js:97:12)
    at module.exports [as INTERACTION_CREATE] (C:\Users\gpenn\Documents\Code\JavaScript\Discord Bots\Celeste Skill Progress\node_modules\discord.js\src\client\websocket\handlers\INTERACTION_CREATE.js:4:36)
    at WebSocketManager.handlePacket (C:\Users\gpenn\Documents\Code\JavaScript\Discord Bots\Celeste Skill Progress\node_modules\discord.js\src\client\websocket\WebSocketManager.js:355:31)
    at WebSocketManager.<anonymous> (C:\Users\gpenn\Documents\Code\JavaScript\Discord Bots\Celeste Skill Progress\node_modules\discord.js\src\client\websocket\WebSocketManager.js:239:12)
    at WebSocketManager.emit (C:\Users\gpenn\Documents\Code\JavaScript\Discord Bots\Celeste Skill Progress\node_modules\@vladfrangu\async_event_emitter\dist\index.cjs:282:31)
    at WebSocketShard.<anonymous> (C:\Users\gpenn\Documents\Code\JavaScript\Discord Bots\Celeste Skill Progress\node_modules\@discordjs\ws\dist\index.js:1173:51)
2024-03-14T19:00:42.972Z: TypeError: Cannot read properties of null (reading 'ephemeral')
    at ChatInputCommandInteraction.reply (C:\Users\gpenn\Documents\Code\JavaScript\Discord Bots\Celeste Skill Progress\node_modules\discord.js\src\structures\interfaces\InteractionResponses.js:103:30)
    at Object.run (C:\Users\gpenn\Documents\Code\JavaScript\Discord Bots\Celeste Skill Progress\src\commands\error.js:11:15)
    at Client.<anonymous> (C:\Users\gpenn\Documents\Code\JavaScript\Discord Bots\Celeste Skill Progress\node_modules\commandkit\dist\index.js:643:67)
    at Client.emit (node:events:529:35)
    at InteractionCreateAction.handle (C:\Users\gpenn\Documents\Code\JavaScript\Discord Bots\Celeste Skill Progress\node_modules\discord.js\src\client\actions\InteractionCreate.js:97:12)
    at module.exports [as INTERACTION_CREATE] (C:\Users\gpenn\Documents\Code\JavaScript\Discord Bots\Celeste Skill Progress\node_modules\discord.js\src\client\websocket\handlers\INTERACTION_CREATE.js:4:36)
    at WebSocketManager.handlePacket (C:\Users\gpenn\Documents\Code\JavaScript\Discord Bots\Celeste Skill Progress\node_modules\discord.js\src\client\websocket\WebSocketManager.js:355:31)
    at WebSocketManager.<anonymous> (C:\Users\gpenn\Documents\Code\JavaScript\Discord Bots\Celeste Skill Progress\node_modules\discord.js\src\client\websocket\WebSocketManager.js:239:12)
    at WebSocketManager.emit (C:\Users\gpenn\Documents\Code\JavaScript\Discord Bots\Celeste Skill Progress\node_modules\@vladfrangu\async_event_emitter\dist\index.cjs:282:31)
    at WebSocketShard.<anonymous> (C:\Users\gpenn\Documents\Code\JavaScript\Discord Bots\Celeste Skill Progress\node_modules\@discordjs\ws\dist\index.js:1173:51)
